{"/home/wasd0109/Programming/todo-rn/src/store.ts": {"path":"/home/wasd0109/Programming/todo-rn/src/store.ts","statementMap":{"0":{"start":{"line":4,"column":21},"end":{"line":6,"column":2}}},"fnMap":{},"branchMap":{},"s":{"0":1},"f":{},"b":{},"_coverageSchema":"1a1c01bbd47fc00a2c39e90264f33305004495a9","hash":"48b825f92fd453cf37df369d83d2a0007153d1d7"}
,"/home/wasd0109/Programming/todo-rn/src/test-utils.js": {"path":"/home/wasd0109/Programming/todo-rn/src/test-utils.js","statementMap":{"0":{"start":{"line":6,"column":24},"end":{"line":8,"column":1}},"1":{"start":{"line":7,"column":2},"end":{"line":7,"column":51}},"2":{"start":{"line":10,"column":21},"end":{"line":11,"column":54}},"3":{"start":{"line":11,"column":2},"end":{"line":11,"column":54}}},"fnMap":{"0":{"name":"(anonymous_0)","decl":{"start":{"line":6,"column":24},"end":{"line":6,"column":25}},"loc":{"start":{"line":6,"column":42},"end":{"line":8,"column":1}},"line":6},"1":{"name":"(anonymous_1)","decl":{"start":{"line":10,"column":21},"end":{"line":10,"column":22}},"loc":{"start":{"line":11,"column":2},"end":{"line":11,"column":54}},"line":11}},"branchMap":{},"s":{"0":4,"1":28,"2":4,"3":28},"f":{"0":28,"1":28},"b":{},"_coverageSchema":"1a1c01bbd47fc00a2c39e90264f33305004495a9","hash":"f9e9769826c7af9b581d13f4a932f30e909e11d3"}
,"/home/wasd0109/Programming/todo-rn/src/components/AppBar/AppBar.tsx": {"path":"/home/wasd0109/Programming/todo-rn/src/components/AppBar/AppBar.tsx","statementMap":{"0":{"start":{"line":7,"column":2},"end":{"line":26,"column":4}},"1":{"start":{"line":12,"column":12},"end":{"line":12,"column":32}},"2":{"start":{"line":22,"column":10},"end":{"line":22,"column":41}},"3":{"start":{"line":31,"column":15},"end":{"line":36,"column":2}}},"fnMap":{"0":{"name":"AppBar","decl":{"start":{"line":6,"column":9},"end":{"line":6,"column":15}},"loc":{"start":{"line":6,"column":62},"end":{"line":27,"column":1}},"line":6},"1":{"name":"(anonymous_1)","decl":{"start":{"line":11,"column":19},"end":{"line":11,"column":20}},"loc":{"start":{"line":11,"column":25},"end":{"line":13,"column":11}},"line":11},"2":{"name":"(anonymous_2)","decl":{"start":{"line":21,"column":17},"end":{"line":21,"column":18}},"loc":{"start":{"line":21,"column":23},"end":{"line":23,"column":9}},"line":21}},"branchMap":{"0":{"loc":{"start":{"line":9,"column":7},"end":{"line":16,"column":14}},"type":"cond-expr","locations":[{"start":{"line":10,"column":8},"end":{"line":15,"column":10}},{"start":{"line":16,"column":10},"end":{"line":16,"column":14}}],"line":9},"1":{"loc":{"start":{"line":17,"column":29},"end":{"line":17,"column":75}},"type":"cond-expr","locations":[{"start":{"line":17,"column":37},"end":{"line":17,"column":67}},{"start":{"line":17,"column":70},"end":{"line":17,"column":75}}],"line":17}},"s":{"0":10,"1":1,"2":1,"3":1},"f":{"0":10,"1":1,"2":1},"b":{"0":[2,8],"1":[9,1]},"_coverageSchema":"1a1c01bbd47fc00a2c39e90264f33305004495a9","hash":"cce33eda742567e04de91a68e7fac3c8d67bdcfb"}
,"/home/wasd0109/Programming/todo-rn/src/components/Spacer/Spacer.tsx": {"path":"/home/wasd0109/Programming/todo-rn/src/components/Spacer/Spacer.tsx","statementMap":{"0":{"start":{"line":8,"column":15},"end":{"line":10,"column":1}},"1":{"start":{"line":9,"column":2},"end":{"line":9,"column":60}},"2":{"start":{"line":14,"column":15},"end":{"line":18,"column":2}}},"fnMap":{"0":{"name":"(anonymous_0)","decl":{"start":{"line":8,"column":15},"end":{"line":8,"column":16}},"loc":{"start":{"line":8,"column":46},"end":{"line":10,"column":1}},"line":8}},"branchMap":{},"s":{"0":2,"1":65,"2":2},"f":{"0":65},"b":{},"_coverageSchema":"1a1c01bbd47fc00a2c39e90264f33305004495a9","hash":"0b1526d7556b94d5dcd59a91ec0065a2aa9578c6"}
,"/home/wasd0109/Programming/todo-rn/src/screens/AddTodoScreen/AddTodoScreen.tsx": {"path":"/home/wasd0109/Programming/todo-rn/src/screens/AddTodoScreen/AddTodoScreen.tsx","statementMap":{"0":{"start":{"line":10,"column":31},"end":{"line":10,"column":46}},"1":{"start":{"line":12,"column":22},"end":{"line":49,"column":1}},"2":{"start":{"line":13,"column":28},"end":{"line":13,"column":40}},"3":{"start":{"line":14,"column":28},"end":{"line":14,"column":40}},"4":{"start":{"line":15,"column":19},"end":{"line":15,"column":32}},"5":{"start":{"line":16,"column":2},"end":{"line":48,"column":4}},"6":{"start":{"line":38,"column":12},"end":{"line":38,"column":62}},"7":{"start":{"line":38,"column":24},"end":{"line":38,"column":62}},"8":{"start":{"line":39,"column":12},"end":{"line":39,"column":25}},"9":{"start":{"line":40,"column":12},"end":{"line":40,"column":51}},"10":{"start":{"line":41,"column":12},"end":{"line":41,"column":40}},"11":{"start":{"line":53,"column":15},"end":{"line":67,"column":2}}},"fnMap":{"0":{"name":"(anonymous_0)","decl":{"start":{"line":12,"column":22},"end":{"line":12,"column":23}},"loc":{"start":{"line":12,"column":62},"end":{"line":49,"column":1}},"line":12},"1":{"name":"(anonymous_1)","decl":{"start":{"line":37,"column":19},"end":{"line":37,"column":20}},"loc":{"start":{"line":37,"column":25},"end":{"line":42,"column":11}},"line":37}},"branchMap":{"0":{"loc":{"start":{"line":28,"column":7},"end":{"line":32,"column":14}},"type":"cond-expr","locations":[{"start":{"line":29,"column":8},"end":{"line":31,"column":17}},{"start":{"line":32,"column":10},"end":{"line":32,"column":14}}],"line":28},"1":{"loc":{"start":{"line":38,"column":12},"end":{"line":38,"column":62}},"type":"if","locations":[{"start":{"line":38,"column":12},"end":{"line":38,"column":62}},{"start":{"line":38,"column":12},"end":{"line":38,"column":62}}],"line":38}},"s":{"0":1,"1":1,"2":16,"3":16,"4":16,"5":16,"6":3,"7":1,"8":2,"9":2,"10":2,"11":1},"f":{"0":16,"1":3},"b":{"0":[1,15],"1":[1,2]},"_coverageSchema":"1a1c01bbd47fc00a2c39e90264f33305004495a9","hash":"8e33a6756f98635b8030d0e01e147a96607b880f"}
,"/home/wasd0109/Programming/todo-rn/src/screens/DetailScreen/DetailScreen.tsx": {"path":"/home/wasd0109/Programming/todo-rn/src/screens/DetailScreen/DetailScreen.tsx","statementMap":{"0":{"start":{"line":15,"column":21},"end":{"line":64,"column":1}},"1":{"start":{"line":16,"column":19},"end":{"line":16,"column":73}},"2":{"start":{"line":16,"column":53},"end":{"line":16,"column":72}},"3":{"start":{"line":17,"column":19},"end":{"line":17,"column":32}},"4":{"start":{"line":18,"column":15},"end":{"line":18,"column":67}},"5":{"start":{"line":18,"column":39},"end":{"line":18,"column":66}},"6":{"start":{"line":19,"column":34},"end":{"line":19,"column":61}},"7":{"start":{"line":20,"column":2},"end":{"line":20,"column":25}},"8":{"start":{"line":20,"column":13},"end":{"line":20,"column":25}},"9":{"start":{"line":21,"column":2},"end":{"line":63,"column":4}},"10":{"start":{"line":40,"column":12},"end":{"line":42,"column":14}},"11":{"start":{"line":43,"column":12},"end":{"line":43,"column":32}},"12":{"start":{"line":55,"column":12},"end":{"line":55,"column":42}},"13":{"start":{"line":56,"column":12},"end":{"line":56,"column":32}},"14":{"start":{"line":68,"column":15},"end":{"line":90,"column":2}}},"fnMap":{"0":{"name":"(anonymous_0)","decl":{"start":{"line":15,"column":21},"end":{"line":15,"column":22}},"loc":{"start":{"line":15,"column":67},"end":{"line":64,"column":1}},"line":15},"1":{"name":"(anonymous_1)","decl":{"start":{"line":16,"column":31},"end":{"line":16,"column":32}},"loc":{"start":{"line":16,"column":53},"end":{"line":16,"column":72}},"line":16},"2":{"name":"(anonymous_2)","decl":{"start":{"line":18,"column":29},"end":{"line":18,"column":30}},"loc":{"start":{"line":18,"column":39},"end":{"line":18,"column":66}},"line":18},"3":{"name":"(anonymous_3)","decl":{"start":{"line":39,"column":19},"end":{"line":39,"column":20}},"loc":{"start":{"line":39,"column":25},"end":{"line":44,"column":11}},"line":39},"4":{"name":"(anonymous_4)","decl":{"start":{"line":54,"column":19},"end":{"line":54,"column":20}},"loc":{"start":{"line":54,"column":25},"end":{"line":57,"column":11}},"line":54}},"branchMap":{"0":{"loc":{"start":{"line":19,"column":43},"end":{"line":19,"column":60}},"type":"binary-expr","locations":[{"start":{"line":19,"column":43},"end":{"line":19,"column":54}},{"start":{"line":19,"column":58},"end":{"line":19,"column":60}}],"line":19},"1":{"loc":{"start":{"line":20,"column":2},"end":{"line":20,"column":25}},"type":"if","locations":[{"start":{"line":20,"column":2},"end":{"line":20,"column":25}},{"start":{"line":20,"column":2},"end":{"line":20,"column":25}}],"line":20}},"s":{"0":1,"1":10,"2":17,"3":10,"4":10,"5":9,"6":10,"7":10,"8":1,"9":9,"10":1,"11":1,"12":1,"13":1,"14":1},"f":{"0":10,"1":17,"2":9,"3":1,"4":1},"b":{"0":[10,1],"1":[1,9]},"_coverageSchema":"1a1c01bbd47fc00a2c39e90264f33305004495a9","hash":"af696d68f5cf8f7078387068f8053dcdd9019fdf"}
,"/home/wasd0109/Programming/todo-rn/src/screens/HomeScreen/HomeScreen.tsx": {"path":"/home/wasd0109/Programming/todo-rn/src/screens/HomeScreen/HomeScreen.tsx","statementMap":{"0":{"start":{"line":8,"column":19},"end":{"line":34,"column":1}},"1":{"start":{"line":9,"column":19},"end":{"line":9,"column":73}},"2":{"start":{"line":9,"column":53},"end":{"line":9,"column":72}},"3":{"start":{"line":10,"column":2},"end":{"line":33,"column":4}},"4":{"start":{"line":13,"column":30},"end":{"line":13,"column":37}},"5":{"start":{"line":15,"column":8},"end":{"line":30,"column":10}},"6":{"start":{"line":20,"column":16},"end":{"line":25,"column":18}},"7":{"start":{"line":23,"column":33},"end":{"line":23,"column":79}},"8":{"start":{"line":40,"column":15},"end":{"line":40,"column":36}}},"fnMap":{"0":{"name":"(anonymous_0)","decl":{"start":{"line":8,"column":19},"end":{"line":8,"column":20}},"loc":{"start":{"line":8,"column":56},"end":{"line":34,"column":1}},"line":8},"1":{"name":"(anonymous_1)","decl":{"start":{"line":9,"column":31},"end":{"line":9,"column":32}},"loc":{"start":{"line":9,"column":53},"end":{"line":9,"column":72}},"line":9},"2":{"name":"(anonymous_2)","decl":{"start":{"line":13,"column":20},"end":{"line":13,"column":21}},"loc":{"start":{"line":13,"column":30},"end":{"line":13,"column":37}},"line":13},"3":{"name":"(anonymous_3)","decl":{"start":{"line":14,"column":18},"end":{"line":14,"column":19}},"loc":{"start":{"line":14,"column":32},"end":{"line":31,"column":7}},"line":14},"4":{"name":"(anonymous_4)","decl":{"start":{"line":19,"column":21},"end":{"line":19,"column":22}},"loc":{"start":{"line":20,"column":16},"end":{"line":25,"column":18}},"line":20},"5":{"name":"(anonymous_5)","decl":{"start":{"line":23,"column":27},"end":{"line":23,"column":28}},"loc":{"start":{"line":23,"column":33},"end":{"line":23,"column":79}},"line":23}},"branchMap":{},"s":{"0":1,"1":3,"2":6,"3":3,"4":3,"5":3,"6":3,"7":1,"8":1},"f":{"0":3,"1":6,"2":3,"3":3,"4":3,"5":1},"b":{},"_coverageSchema":"1a1c01bbd47fc00a2c39e90264f33305004495a9","hash":"44d8d12e97efefed5cc75f91eb5ddae4ba97a568"}
,"/home/wasd0109/Programming/todo-rn/src/screens/HomeScreen/index.js": {"path":"/home/wasd0109/Programming/todo-rn/src/screens/HomeScreen/index.js","statementMap":{},"fnMap":{},"branchMap":{},"s":{},"f":{},"b":{},"_coverageSchema":"1a1c01bbd47fc00a2c39e90264f33305004495a9","hash":"263732065a3cc145c08ebfdab2ae1f7f9841bd5f"}
,"/home/wasd0109/Programming/todo-rn/src/slices/todoSlices.ts": {"path":"/home/wasd0109/Programming/todo-rn/src/slices/todoSlices.ts","statementMap":{"0":{"start":{"line":14,"column":32},"end":{"line":16,"column":1}},"1":{"start":{"line":18,"column":25},"end":{"line":38,"column":2}},"2":{"start":{"line":23,"column":6},"end":{"line":23,"column":42}},"3":{"start":{"line":26,"column":20},"end":{"line":28,"column":7}},"4":{"start":{"line":27,"column":18},"end":{"line":27,"column":47}},"5":{"start":{"line":29,"column":6},"end":{"line":29,"column":57}},"6":{"start":{"line":32,"column":20},"end":{"line":34,"column":7}},"7":{"start":{"line":33,"column":18},"end":{"line":33,"column":44}},"8":{"start":{"line":35,"column":6},"end":{"line":35,"column":38}},"9":{"start":{"line":40,"column":49},"end":{"line":40,"column":66}}},"fnMap":{"0":{"name":"(anonymous_0)","decl":{"start":{"line":22,"column":13},"end":{"line":22,"column":14}},"loc":{"start":{"line":22,"column":53},"end":{"line":24,"column":5}},"line":22},"1":{"name":"(anonymous_1)","decl":{"start":{"line":25,"column":14},"end":{"line":25,"column":15}},"loc":{"start":{"line":25,"column":54},"end":{"line":30,"column":5}},"line":25},"2":{"name":"(anonymous_2)","decl":{"start":{"line":27,"column":8},"end":{"line":27,"column":9}},"loc":{"start":{"line":27,"column":18},"end":{"line":27,"column":47}},"line":27},"3":{"name":"(anonymous_3)","decl":{"start":{"line":31,"column":16},"end":{"line":31,"column":17}},"loc":{"start":{"line":31,"column":58},"end":{"line":36,"column":5}},"line":31},"4":{"name":"(anonymous_4)","decl":{"start":{"line":33,"column":8},"end":{"line":33,"column":9}},"loc":{"start":{"line":33,"column":18},"end":{"line":33,"column":44}},"line":33}},"branchMap":{},"s":{"0":4,"1":4,"2":15,"3":2,"4":2,"5":2,"6":2,"7":2,"8":2,"9":4},"f":{"0":15,"1":2,"2":2,"3":2,"4":2},"b":{},"_coverageSchema":"1a1c01bbd47fc00a2c39e90264f33305004495a9","hash":"105892fde876e3bca6ca46171e21807e5b4e6fae"}
,"/home/wasd0109/Programming/todo-rn/src/utils/generateTodo.ts": {"path":"/home/wasd0109/Programming/todo-rn/src/utils/generateTodo.ts","statementMap":{"0":{"start":{"line":7,"column":59},"end":{"line":16,"column":1}},"1":{"start":{"line":11,"column":2},"end":{"line":15,"column":4}}},"fnMap":{"0":{"name":"(anonymous_0)","decl":{"start":{"line":7,"column":59},"end":{"line":7,"column":60}},"loc":{"start":{"line":10,"column":11},"end":{"line":16,"column":1}},"line":10}},"branchMap":{"0":{"loc":{"start":{"line":12,"column":10},"end":{"line":12,"column":60}},"type":"cond-expr","locations":[{"start":{"line":12,"column":17},"end":{"line":12,"column":34}},{"start":{"line":12,"column":37},"end":{"line":12,"column":60}}],"line":12}},"s":{"0":2,"1":3},"f":{"0":3},"b":{"0":[1,2]},"_coverageSchema":"1a1c01bbd47fc00a2c39e90264f33305004495a9","hash":"7c1636e796bbe962c1d914782eb122164e68e7c4"}
}
