TN:
SF:src/store.ts
FNF:0
FNH:0
DA:4,1
LF:1
LH:1
BRF:0
BRH:0
end_of_record
TN:
SF:src/test-utils.js
FN:6,(anonymous_0)
FN:10,(anonymous_1)
FNF:2
FNH:2
FNDA:28,(anonymous_0)
FNDA:28,(anonymous_1)
DA:6,4
DA:7,28
DA:10,4
DA:11,28
LF:4
LH:4
BRF:0
BRH:0
end_of_record
TN:
SF:src/components/AppBar/AppBar.tsx
FN:6,AppBar
FN:11,(anonymous_1)
FN:21,(anonymous_2)
FNF:3
FNH:3
FNDA:10,AppBar
FNDA:1,(anonymous_1)
FNDA:1,(anonymous_2)
DA:7,10
DA:12,1
DA:22,1
DA:31,1
LF:4
LH:4
BRDA:9,0,0,2
BRDA:9,0,1,8
BRDA:17,1,0,9
BRDA:17,1,1,1
BRF:4
BRH:4
end_of_record
TN:
SF:src/components/Spacer/Spacer.tsx
FN:8,(anonymous_0)
FNF:1
FNH:1
FNDA:65,(anonymous_0)
DA:8,2
DA:9,65
DA:14,2
LF:3
LH:3
BRF:0
BRH:0
end_of_record
TN:
SF:src/screens/AddTodoScreen/AddTodoScreen.tsx
FN:12,(anonymous_0)
FN:37,(anonymous_1)
FNF:2
FNH:2
FNDA:16,(anonymous_0)
FNDA:3,(anonymous_1)
DA:10,1
DA:12,1
DA:13,16
DA:14,16
DA:15,16
DA:16,16
DA:38,3
DA:39,2
DA:40,2
DA:41,2
DA:53,1
LF:11
LH:11
BRDA:28,0,0,1
BRDA:28,0,1,15
BRDA:38,1,0,1
BRDA:38,1,1,2
BRF:4
BRH:4
end_of_record
TN:
SF:src/screens/DetailScreen/DetailScreen.tsx
FN:15,(anonymous_0)
FN:16,(anonymous_1)
FN:18,(anonymous_2)
FN:39,(anonymous_3)
FN:54,(anonymous_4)
FNF:5
FNH:5
FNDA:10,(anonymous_0)
FNDA:17,(anonymous_1)
FNDA:9,(anonymous_2)
FNDA:1,(anonymous_3)
FNDA:1,(anonymous_4)
DA:15,1
DA:16,17
DA:17,10
DA:18,10
DA:19,10
DA:20,10
DA:21,9
DA:40,1
DA:43,1
DA:55,1
DA:56,1
DA:68,1
LF:12
LH:12
BRDA:19,0,0,10
BRDA:19,0,1,1
BRDA:20,1,0,1
BRDA:20,1,1,9
BRF:4
BRH:4
end_of_record
TN:
SF:src/screens/HomeScreen/HomeScreen.tsx
FN:8,(anonymous_0)
FN:9,(anonymous_1)
FN:13,(anonymous_2)
FN:14,(anonymous_3)
FN:19,(anonymous_4)
FN:23,(anonymous_5)
FNF:6
FNH:6
FNDA:3,(anonymous_0)
FNDA:6,(anonymous_1)
FNDA:3,(anonymous_2)
FNDA:3,(anonymous_3)
FNDA:3,(anonymous_4)
FNDA:1,(anonymous_5)
DA:8,1
DA:9,6
DA:10,3
DA:13,3
DA:15,3
DA:20,3
DA:23,1
DA:40,1
LF:8
LH:8
BRF:0
BRH:0
end_of_record
TN:
SF:src/screens/HomeScreen/index.js
FNF:0
FNH:0
LF:0
LH:0
BRF:0
BRH:0
end_of_record
TN:
SF:src/slices/todoSlices.ts
FN:22,(anonymous_0)
FN:25,(anonymous_1)
FN:27,(anonymous_2)
FN:31,(anonymous_3)
FN:33,(anonymous_4)
FNF:5
FNH:5
FNDA:15,(anonymous_0)
FNDA:2,(anonymous_1)
FNDA:2,(anonymous_2)
FNDA:2,(anonymous_3)
FNDA:2,(anonymous_4)
DA:14,4
DA:18,4
DA:23,15
DA:26,2
DA:27,2
DA:29,2
DA:32,2
DA:33,2
DA:35,2
DA:40,4
LF:10
LH:10
BRF:0
BRH:0
end_of_record
TN:
SF:src/utils/generateTodo.ts
FN:7,(anonymous_0)
FNF:1
FNH:1
FNDA:3,(anonymous_0)
DA:7,2
DA:11,3
LF:2
LH:2
BRDA:12,0,0,1
BRDA:12,0,1,2
BRF:2
BRH:2
end_of_record
