TN:
SF:src/store.ts
FNF:0
FNH:0
DA:4,2
LF:1
LH:1
BRF:0
BRH:0
end_of_record
TN:
SF:src/test-utils.js
FN:6,(anonymous_0)
FN:8,(anonymous_1)
FN:12,(anonymous_2)
FNF:3
FNH:2
FNDA:0,(anonymous_0)
FNDA:22,(anonymous_1)
FNDA:22,(anonymous_2)
DA:6,4
DA:8,4
DA:9,22
DA:12,4
DA:13,22
LF:5
LH:5
BRF:0
BRH:0
end_of_record
TN:
SF:src/components/AppBar/AppBar.tsx
FN:6,AppBar
FN:11,(anonymous_1)
FN:21,(anonymous_2)
FNF:3
FNH:2
FNDA:6,AppBar
FNDA:0,(anonymous_1)
FNDA:1,(anonymous_2)
DA:7,6
DA:12,0
DA:22,1
DA:31,1
LF:4
LH:3
BRDA:9,0,0,1
BRDA:9,0,1,5
BRDA:17,1,0,6
BRDA:17,1,1,0
BRF:4
BRH:3
end_of_record
TN:
SF:src/components/Spacer/Spacer.tsx
FN:8,(anonymous_0)
FNF:1
FNH:1
FNDA:61,(anonymous_0)
DA:8,2
DA:9,61
DA:14,2
LF:3
LH:3
BRF:0
BRH:0
end_of_record
TN:
SF:src/screens/AddTodoScreen/AddTodoScreen.tsx
FN:12,(anonymous_0)
FN:37,(anonymous_1)
FNF:2
FNH:2
FNDA:16,(anonymous_0)
FNDA:3,(anonymous_1)
DA:10,1
DA:12,1
DA:13,16
DA:14,16
DA:15,16
DA:16,16
DA:38,3
DA:39,2
DA:40,2
DA:41,2
DA:53,1
LF:11
LH:11
BRDA:28,0,0,1
BRDA:28,0,1,15
BRDA:38,1,0,1
BRDA:38,1,1,2
BRF:4
BRH:4
end_of_record
TN:
SF:src/screens/DetailScreen/DetailScreen.tsx
FN:15,(anonymous_0)
FN:16,(anonymous_1)
FN:18,(anonymous_2)
FN:39,(anonymous_3)
FN:54,(anonymous_4)
FNF:5
FNH:5
FNDA:9,(anonymous_0)
FNDA:16,(anonymous_1)
FNDA:8,(anonymous_2)
FNDA:1,(anonymous_3)
FNDA:1,(anonymous_4)
DA:15,1
DA:16,16
DA:17,9
DA:18,9
DA:19,9
DA:20,9
DA:21,8
DA:40,1
DA:43,1
DA:55,1
DA:56,1
DA:68,1
LF:12
LH:12
BRDA:19,0,0,9
BRDA:19,0,1,1
BRDA:20,1,0,1
BRDA:20,1,1,8
BRF:4
BRH:4
end_of_record
TN:
SF:src/screens/HomeScreen/HomeScreen.tsx
FN:8,(anonymous_0)
FN:9,(anonymous_1)
FN:13,(anonymous_2)
FN:14,(anonymous_3)
FN:19,(anonymous_4)
FN:23,(anonymous_5)
FNF:6
FNH:2
FNDA:1,(anonymous_0)
FNDA:2,(anonymous_1)
FNDA:0,(anonymous_2)
FNDA:0,(anonymous_3)
FNDA:0,(anonymous_4)
FNDA:0,(anonymous_5)
DA:8,1
DA:9,2
DA:10,1
DA:13,0
DA:15,0
DA:20,0
DA:23,0
DA:39,1
LF:8
LH:4
BRF:0
BRH:0
end_of_record
TN:
SF:src/screens/HomeScreen/index.js
FNF:0
FNH:0
LF:0
LH:0
BRF:0
BRH:0
end_of_record
TN:
SF:src/slices/todoSlices.ts
FN:22,(anonymous_0)
FN:25,(anonymous_1)
FN:27,(anonymous_2)
FN:31,(anonymous_3)
FN:33,(anonymous_4)
FNF:5
FNH:1
FNDA:2,(anonymous_0)
FNDA:0,(anonymous_1)
FNDA:0,(anonymous_2)
FNDA:0,(anonymous_3)
FNDA:0,(anonymous_4)
DA:14,3
DA:18,3
DA:23,2
DA:26,0
DA:27,0
DA:29,0
DA:32,0
DA:33,0
DA:35,0
DA:40,3
LF:10
LH:4
BRF:0
BRH:0
end_of_record
TN:
SF:src/utils/generateTodo.ts
FN:7,(anonymous_0)
FNF:1
FNH:1
FNDA:3,(anonymous_0)
DA:7,2
DA:11,3
LF:2
LH:2
BRDA:12,0,0,1
BRDA:12,0,1,2
BRF:2
BRH:2
end_of_record
